Multi-Featured-Note-Taking-App-My_Notes-using-Android-OS/app/build/outputs/logs/manifest-merger-debug-report.txt
-- Merging decision tree log ---
manifest
ADDED from src\main\AndroidManifest.xml:2:1-44:12
	package
		ADDED from src\main\AndroidManifest.xml:3:5-35
		INJECTED from src\main\AndroidManifest.xml
		INJECTED from src\main\AndroidManifest.xml
	android:versionName
		ADDED from src\main\AndroidManifest.xml:5:5-30
	android:versionCode
		ADDED from src\main\AndroidManifest.xml:4:5-28
		INJECTED from src\main\AndroidManifest.xml
		INJECTED from src\main\AndroidManifest.xml
	xmlns:android
		ADDED from src\main\AndroidManifest.xml:2:11-69
uses-sdk
ADDED from src\main\AndroidManifest.xml:7:5-72
	android:targetSdkVersion
		ADDED from src\main\AndroidManifest.xml:7:41-69
		INJECTED from src\main\AndroidManifest.xml
		INJECTED from src\main\AndroidManifest.xml
	android:minSdkVersion
		ADDED from src\main\AndroidManifest.xml:7:15-40
		INJECTED from src\main\AndroidManifest.xml
		INJECTED from src\main\AndroidManifest.xml
uses-permission#android.permission.CAMERA
ADDED from src\main\AndroidManifest.xml:11:5-65
	android:name
		ADDED from src\main\AndroidManifest.xml:11:22-62
uses-permission#android.permission.WRITE_EXTERNAL_STORAGE
ADDED from src\main\AndroidManifest.xml:12:5-80
	android:name
		ADDED from src\main\AndroidManifest.xml:12:22-78
uses-feature#android.hardware.camera
ADDED from src\main\AndroidManifest.xml:14:5-60
	android:name
		ADDED from src\main\AndroidManifest.xml:14:19-57
uses-feature#android.hardware.camera.autofocus
ADDED from src\main\AndroidManifest.xml:15:5-95
	android:required
		ADDED from src\main\AndroidManifest.xml:15:68-92
	android:name
		ADDED from src\main\AndroidManifest.xml:15:19-67
uses-feature#android.hardware.camera.flash
ADDED from src\main\AndroidManifest.xml:16:5-91
	android:required
		ADDED from src\main\AndroidManifest.xml:16:64-88
	android:name
		ADDED from src\main\AndroidManifest.xml:16:19-63
uses-feature#android.hardware.camera.front
ADDED from src\main\AndroidManifest.xml:17:5-91
	android:required
		ADDED from src\main\AndroidManifest.xml:17:64-88
	android:name
		ADDED from src\main\AndroidManifest.xml:17:19-63
application
ADDED from src\main\AndroidManifest.xml:19:5-42:19
	android:label
		ADDED from src\main\AndroidManifest.xml:22:9-33
	android:icon
		ADDED from src\main\AndroidManifest.xml:21:9-45
	android:theme
		ADDED from src\main\AndroidManifest.xml:23:9-41
	android:name
		ADDED from src\main\AndroidManifest.xml:20:9-33
activity#com.appsrox.my_notes.MainActivity
ADDED from src\main\AndroidManifest.xml:24:9-31:20
	android:label
		ADDED from src\main\AndroidManifest.xml:26:13-37
	android:name
		ADDED from src\main\AndroidManifest.xml:25:13-41
intent-filter#android.intent.action.MAIN+android.intent.category.LAUNCHER
ADDED from src\main\AndroidManifest.xml:27:13-30:29
action#android.intent.action.MAIN
ADDED from src\main\AndroidManifest.xml:28:17-69
	android:name
		ADDED from src\main\AndroidManifest.xml:28:25-66
category#android.intent.category.LAUNCHER
ADDED from src\main\AndroidManifest.xml:29:17-77
	android:name
		ADDED from src\main\AndroidManifest.xml:29:27-74
activity#com.appsrox.my_notes.BrowseActivity
ADDED from src\main\AndroidManifest.xml:33:9-61
	android:name
		ADDED from src\main\AndroidManifest.xml:33:19-49
activity#com.appsrox.my_notes.ManageActivity
ADDED from src\main\AndroidManifest.xml:34:9-61
	android:name
		ADDED from src\main\AndroidManifest.xml:34:19-49
activity#com.appsrox.my_notes.SettingsActivity
ADDED from src\main\AndroidManifest.xml:35:9-63
	android:name
		ADDED from src\main\AndroidManifest.xml:35:19-51
activity#com.appsrox.my_notes.AuthActivity
ADDED from src\main\AndroidManifest.xml:36:9-103
	android:theme
		ADDED from src\main\AndroidManifest.xml:36:48-91
	android:name
		ADDED from src\main\AndroidManifest.xml:36:19-47
activity#com.appsrox.my_notes.note.BasicActivity
ADDED from src\main\AndroidManifest.xml:38:9-107
	android:windowSoftInputMode
		ADDED from src\main\AndroidManifest.xml:38:54-95
	android:name
		ADDED from src\main\AndroidManifest.xml:38:19-53
activity#com.appsrox.my_notes.note.ChecklistActivity
ADDED from src\main\AndroidManifest.xml:39:9-111
	android:windowSoftInputMode
		ADDED from src\main\AndroidManifest.xml:39:58-99
	android:name
		ADDED from src\main\AndroidManifest.xml:39:19-57
activity#com.appsrox.my_notes.note.SnapshotActivity
ADDED from src\main\AndroidManifest.xml:40:9-110
	android:windowSoftInputMode
		ADDED from src\main\AndroidManifest.xml:40:57-98
	android:name
		ADDED from src\main\AndroidManifest.xml:40:19-56
activity#com.appsrox.my_notes.note.PhotoActivity
ADDED from src\main\AndroidManifest.xml:41:9-65
	android:name
		ADDED from src\main\AndroidManifest.xml:41:19-53